<?xml version="1.0" encoding="UTF-8"?>
<testsuite name="tests" tests="6" skipped="0" failures="0" errors="0" timestamp="2019-09-19T11:27:36" hostname="villanellex2" time="0.005">
  <properties/>
  <testcase name="test1" classname="tests" time="0.003"/>
  <testcase name="test2" classname="tests" time="0.0"/>
  <testcase name="test3" classname="tests" time="0.0"/>
  <testcase name="test4" classname="tests" time="0.001"/>
  <testcase name="test5" classname="tests" time="0.0"/>
  <testcase name="test6" classname="tests" time="0.0"/>
  <system-out><![CDATA[test 1 is successful
test 2 is successful
test 3 is successful
test 4 is successful
0 1 2 3 4 
4 0 1 2 3 
3 4 0 1 2 
2 3 4 0 1 
1 2 3 4 0 
test 5 is successful
0 1 2 3 4 
4 0 1 2 3 
3 4 0 1 2 
2 3 4 0 1 
1 2 3 4 0 
test 6 is successful
]]></system-out>
  <system-err><![CDATA[]]></system-err>
</testsuite>
