<?xml version="1.0" encoding="UTF-8"?>
<testsuite name="ru.nsu.fit.g18214.dubinskaya.tests" tests="7" skipped="0" failures="0" errors="0" timestamp="2019-10-17T15:51:24" hostname="villanellex2" time="0.018">
  <properties/>
  <testcase name="test1" classname="ru.nsu.fit.g18214.dubinskaya.tests" time="0.003"/>
  <testcase name="test2" classname="ru.nsu.fit.g18214.dubinskaya.tests" time="0.0"/>
  <testcase name="test3" classname="ru.nsu.fit.g18214.dubinskaya.tests" time="0.0"/>
  <testcase name="test4" classname="ru.nsu.fit.g18214.dubinskaya.tests" time="0.0"/>
  <testcase name="test5" classname="ru.nsu.fit.g18214.dubinskaya.tests" time="0.0"/>
  <testcase name="test6" classname="ru.nsu.fit.g18214.dubinskaya.tests" time="0.011"/>
  <testcase name="test7" classname="ru.nsu.fit.g18214.dubinskaya.tests" time="0.001"/>
  <system-out><![CDATA[test 1 is successful
test 2 is successful
test 3 is successful
test 4 is successful
test 5 is successful
test 6 is successful
test 7 is successful
]]></system-out>
  <system-err><![CDATA[]]></system-err>
</testsuite>
